* using log directory ‘/Users/shawnasisler/Desktop/Desktop_Home/UTAH/Stats_I/R_Studio/dissertation/matrixpls.Rcheck’
* using R version 4.0.3 (2020-10-10)
* using platform: x86_64-apple-darwin17.0 (64-bit)
* using session charset: UTF-8
* checking for file ‘matrixpls/DESCRIPTION’ ... OK
* checking extension type ... Package
* this is package ‘matrixpls’ version ‘1.0.14’
* package encoding: UTF-8
* checking package namespace information ... OK
* checking package dependencies ... OK
* checking if this is a source package ... OK
* checking if there is a namespace ... OK
* checking for executable files ... OK
* checking for hidden files and directories ... OK
* checking for portable file names ... OK
* checking for sufficient/correct file permissions ... OK
* checking whether package ‘matrixpls’ can be installed ... OK
* checking installed package size ... OK
* checking package directory ... OK
* checking ‘build’ directory ... OK
* checking DESCRIPTION meta-information ... OK
* checking top-level files ... OK
* checking for left-over files ... OK
* checking index information ... OK
* checking package subdirectories ... OK
* checking R files for non-ASCII characters ... OK
* checking R files for syntax errors ... OK
* checking whether the package can be loaded ... OK
* checking whether the package can be loaded with stated dependencies ... OK
* checking whether the package can be unloaded cleanly ... OK
* checking whether the namespace can be loaded with stated dependencies ... OK
* checking whether the namespace can be unloaded cleanly ... OK
* checking loading without being on the library search path ... OK
* checking dependencies in R code ... OK
* checking S3 generic/method consistency ... OK
* checking replacement functions ... OK
* checking foreign function calls ... OK
* checking R code for possible problems ... OK
* checking Rd files ... OK
* checking Rd metadata ... OK
* checking Rd cross-references ... OK
* checking for missing documentation entries ... OK
* checking for code/documentation mismatches ... OK
* checking Rd \usage sections ... OK
* checking Rd contents ... OK
* checking for unstated dependencies in examples ... OK
* checking sizes of PDF files under ‘inst/doc’ ... OK
* checking installed files from ‘inst/doc’ ... OK
* checking files in ‘vignettes’ ... OK
* checking examples ... ERROR
Running examples in ‘matrixpls-Ex.R’ failed
The error most likely occurred in:

> ### Name: matrixpls.plspm
> ### Title: A plspm compatibility wrapper for matrixpls
> ### Aliases: matrixpls.plspm
> 
> ### ** Examples
> 
> cores <- getOption("mc.cores")
> options(mc.cores=2)
> 
> # Run the example from plspm package
> 
> # load dataset satisfaction
> data(satisfaction)
Warning in data(satisfaction) : data set ‘satisfaction’ not found
> # inner model matrix
> IMAG = c(0,0,0,0,0,0)
> EXPE = c(1,0,0,0,0,0)
> QUAL = c(0,1,0,0,0,0)
> VAL = c(0,1,1,0,0,0)
> SAT = c(1,1,1,1,0,0)
> LOY = c(1,0,0,0,1,0)
> sat_inner = rbind(IMAG, EXPE, QUAL, VAL, SAT, LOY)
> # outer model list
> sat_outer = list(1:5, 6:10, 11:15, 16:19, 20:23, 24:27)
> # vector of modes (reflective indicators)
> sat_mod = rep("A", 6)
> 
> # apply matrixpls
> matrixpls.res <- matrixpls.plspm(satisfaction, sat_inner, sat_outer, sat_mod,
+                                  scaled=FALSE, boot.val=FALSE)
Loading required namespace: boot
Loading required namespace: parallel
Error in get_params(x = Data, path_matrix, outer = blocks, modes = modes,  : 
  object 'satisfaction' not found
Calls: matrixpls.plspm -> get_params
Execution halted
* checking for unstated dependencies in vignettes ... OK
* checking package vignettes in ‘inst/doc’ ... OK
* checking running R code from vignettes ... NONE
  ‘matrixpls-intro.pdf.asis’ using ‘UTF-8’... OK
* checking re-building of vignette outputs ... OK
* checking PDF version of manual ... WARNING
LaTeX errors when creating PDF version.
This typically indicates Rd problems.
* checking PDF version of manual without hyperrefs or index ... ERROR
Re-running with no redirection of stdout/stderr.
* DONE
Status: 2 ERRORs, 1 WARNING
